<?xml version="1.0" encoding="UTF-8"?>
<!-- Generated by org.testng.reporters.JUnitXMLReporter -->
<testsuite hostname="netstorm-TECRA-C50-C" ignored="0" name="Default test" tests="2" failures="0" timestamp="09 Apr 2018 16:42:29 GMT" time="24.124" errors="0">
  <testcase name="loginNetstormTitletest" time="0.021" classname="com.cavisson.ddr.testcases.NetstormLoginTest"/>
  <testcase name="loginNetstormTest" time="0.604" classname="com.cavisson.ddr.testcases.NetstormLoginTest"/>
</testsuite> <!-- Default test -->
