<?xml version="1.0" encoding="UTF-8"?>
<!-- Generated by org.testng.reporters.JUnitXMLReporter -->
<testsuite hostname="netstorm-TECRA-C50-C" ignored="0" name="Smoke DDR Test" tests="18" failures="1" timestamp="03 May 2018 18:31:10 GMT" time="304.469" errors="0">
  <testcase name="loginNetstormTitletest" time="0.02" classname="com.cavisson.ddr.testcases.NetstormLoginTest"/>
  <testcase name="validateNetstormHomeTest" time="4.164" classname="com.cavisson.ddr.testcases.NetstormHomePageTest"/>
  <testcase name="validateSessionPageTest" time="0.088" classname="com.cavisson.ddr.testcases.NetstormSessionPageTest"/>
  <testcase name="validateEDPageTest" time="1.449" classname="com.cavisson.ddr.testcases.NetstormEDPageTest"/>
  <testcase name="loginNetstormTest" time="1.081" classname="com.cavisson.ddr.testcases.NetstormLoginTest"/>
  <testcase name="validateNetstormReleaseTest" time="2.895" classname="com.cavisson.ddr.testcases.NetstormHomePageTest"/>
  <testcase name="clickonEDLinkTest" time="3.942" classname="com.cavisson.ddr.testcases.NetstormSessionPageTest"/>
  <testcase name="validateShowDashboardTest" time="4.508" classname="com.cavisson.ddr.testcases.NetstormEDPageTest"/>
  <testcase name="clickonSessionTest" time="4.76" classname="com.cavisson.ddr.testcases.NetstormHomePageTest"/>
  <testcase name="validateTierInfoTest" time="3.048" classname="com.cavisson.ddr.testcases.NetstormEDPageTest"/>
  <testcase name="overviewInTierInfoTest" time="2.825" classname="com.cavisson.ddr.testcases.NetstormEDPageTest"/>
  <testcase name="healthInTierInfoTest" time="2.694" classname="com.cavisson.ddr.testcases.NetstormEDPageTest"/>
  <testcase name="tpsPopUpLabelTest" time="1.966" classname="com.cavisson.ddr.testcases.NetstormEDPageTest"/>
  <testcase name="validateBtShowingInTpsTest" time="2.091" classname="com.cavisson.ddr.testcases.NetstormEDPageTest"/>
  <testcase name="responsePopUpLabelTest" time="2.157" classname="com.cavisson.ddr.testcases.NetstormEDPageTest"/>
  <testcase name="validateBtShowingInResponseTest" time="2.078" classname="com.cavisson.ddr.testcases.NetstormEDPageTest"/>
  <testcase name="showFlowPathForSelectedTierTest" time="1.933" classname="com.cavisson.ddr.testcases.NetstormEDPageTest">
    <failure type="org.openqa.selenium.StaleElementReferenceException" message="stale element reference: element is not attached to the page document
  (Session info: chrome=63.0.3239.132)
  (Driver info: chromedriver=2.35.528139 (47ead77cb35ad2a9a83248b292151462a66cd881),platform=Linux 4.4.0-78-cavisson x86_64) (WARNING: The server did not provide any stacktrace information)
Command duration or timeout: 0 milliseconds
For documentation on this error, please visit: http://seleniumhq.org/exceptions/stale_element_reference.html
Build info: version: &amp;apos;3.8.1&amp;apos;, revision: &amp;apos;6e95a6684b&amp;apos;, time: &amp;apos;2017-12-01T18:33:54.468Z&amp;apos;
System info: host: &amp;apos;netstorm-TECRA-C50-C&amp;apos;, ip: &amp;apos;127.0.1.1&amp;apos;, os.name: &amp;apos;Linux&amp;apos;, os.arch: &amp;apos;amd64&amp;apos;, os.version: &amp;apos;4.4.0-78-cavisson&amp;apos;, java.version: &amp;apos;1.8.0_121&amp;apos;
Driver info: org.openqa.selenium.chrome.ChromeDriver
Capabilities {acceptInsecureCerts: false, acceptSslCerts: false, applicationCacheEnabled: false, browserConnectionEnabled: false, browserName: chrome, chrome: {chromedriverVersion: 2.35.528139 (47ead77cb35ad2..., userDataDir: /tmp/.org.chromium.Chromium...}, cssSelectorsEnabled: true, databaseEnabled: false, handlesAlerts: true, hasTouchScreen: false, javascriptEnabled: true, locationContextEnabled: true, mobileEmulationEnabled: false, nativeEvents: true, networkConnectionEnabled: false, pageLoadStrategy: normal, platform: LINUX, platformName: LINUX, rotatable: false, setWindowRect: true, takesHeapSnapshot: true, takesScreenshot: true, unexpectedAlertBehaviour: , unhandledPromptBehavior: , version: 63.0.3239.132, webStorageEnabled: true}
Session ID: bf33d08017537614d14ca7ea2c9f6ef2">
      <![CDATA[org.openqa.selenium.StaleElementReferenceException: stale element reference: element is not attached to the page document  (Session info: chrome=63.0.3239.132)  (Driver info: chromedriver=2.35.528139 (47ead77cb35ad2a9a83248b292151462a66cd881),platform=Linux 4.4.0-78-cavisson x86_64) (WARNING: The server did not provide any stacktrace information)Command duration or timeout: 0 millisecondsFor documentation on this error, please visit: http://seleniumhq.org/exceptions/stale_element_reference.htmlBuild info: version: '3.8.1', revision: '6e95a6684b', time: '2017-12-01T18:33:54.468Z'System info: host: 'netstorm-TECRA-C50-C', ip: '127.0.1.1', os.name: 'Linux', os.arch: 'amd64', os.version: '4.4.0-78-cavisson', java.version: '1.8.0_121'Driver info: org.openqa.selenium.chrome.ChromeDriverCapabilities {acceptInsecureCerts: false, acceptSslCerts: false, applicationCacheEnabled: false, browserConnectionEnabled: false, browserName: chrome, chrome: {chromedriverVersion: 2.35.528139 (47ead77cb35ad2..., userDataDir: /tmp/.org.chromium.Chromium...}, cssSelectorsEnabled: true, databaseEnabled: false, handlesAlerts: true, hasTouchScreen: false, javascriptEnabled: true, locationContextEnabled: true, mobileEmulationEnabled: false, nativeEvents: true, networkConnectionEnabled: false, pageLoadStrategy: normal, platform: LINUX, platformName: LINUX, rotatable: false, setWindowRect: true, takesHeapSnapshot: true, takesScreenshot: true, unexpectedAlertBehaviour: , unhandledPromptBehavior: , version: 63.0.3239.132, webStorageEnabled: true}Session ID: bf33d08017537614d14ca7ea2c9f6ef2at org.openqa.selenium.remote.ErrorHandler.createThrowable(ErrorHandler.java:214)at org.openqa.selenium.remote.ErrorHandler.throwIfResponseFailed(ErrorHandler.java:166)at org.openqa.selenium.remote.http.JsonHttpResponseCodec.reconstructValue(JsonHttpResponseCodec.java:40)at org.openqa.selenium.remote.http.AbstractHttpResponseCodec.decode(AbstractHttpResponseCodec.java:80)at org.openqa.selenium.remote.http.AbstractHttpResponseCodec.decode(AbstractHttpResponseCodec.java:44)at org.openqa.selenium.remote.HttpCommandExecutor.execute(HttpCommandExecutor.java:164)at org.openqa.selenium.remote.service.DriverCommandExecutor.execute(DriverCommandExecutor.java:83)at org.openqa.selenium.remote.RemoteWebDriver.execute(RemoteWebDriver.java:601)at org.openqa.selenium.remote.RemoteExecuteMethod.execute(RemoteExecuteMethod.java:35)at org.openqa.selenium.remote.RemoteMouse.mouseMove(RemoteMouse.java:89)at org.openqa.selenium.interactions.internal.MouseAction.moveToLocation(MouseAction.java:73)at org.openqa.selenium.interactions.DoubleClickAction.perform(DoubleClickAction.java:43)at org.openqa.selenium.interactions.CompositeAction.perform(CompositeAction.java:36)at org.openqa.selenium.interactions.Actions$BuiltAction.perform(Actions.java:641)at com.cavisson.ddr.util.TestUtil.openTierDropDownMenu(TestUtil.java:68)at com.cavisson.ddr.pages.NetstormEDPage.showFlowPathForSelectedTier(NetstormEDPage.java:307)at com.cavisson.ddr.testcases.NetstormEDPageTest.showFlowPathForSelectedTierTest(NetstormEDPageTest.java:230)... Removed 29 stack frames]]>
    </failure>
  </testcase> <!-- showFlowPathForSelectedTierTest -->
  <testcase name="validateFPReportByTierRightClickTest" time="7.842" classname="com.cavisson.ddr.testcases.NetstormEDPageTest"/>
</testsuite> <!-- Smoke DDR Test -->
