<?xml version="1.0" encoding="UTF-8"?>
<!-- Generated by org.testng.reporters.JUnitXMLReporter -->
<testsuite hostname="netstorm-TECRA-C50-C" ignored="10" name="Smoke DDR Test" tests="1" failures="0" timestamp="16 Apr 2018 19:24:21 GMT" time="30.214" errors="0">
  <testcase name="validateFPReportByTierRightClickTest" time="8.747" classname="com.cavisson.ddr.testcases.NetstormEDPageTest"/>
  <testcase name="showFlowPathForSelectedTierTest" time="0.0" classname="com.cavisson.ddr.testcases.NetstormEDPageTest">
    <ignored/>
  </testcase> <!-- showFlowPathForSelectedTierTest -->
  <testcase name="validateShowDashboardTest" time="0.0" classname="com.cavisson.ddr.testcases.NetstormEDPageTest">
    <ignored/>
  </testcase> <!-- validateShowDashboardTest -->
  <testcase name="healthInTierInfoTest" time="0.0" classname="com.cavisson.ddr.testcases.NetstormEDPageTest">
    <ignored/>
  </testcase> <!-- healthInTierInfoTest -->
  <testcase name="validateBtShowingInTpsTest" time="0.0" classname="com.cavisson.ddr.testcases.NetstormEDPageTest">
    <ignored/>
  </testcase> <!-- validateBtShowingInTpsTest -->
  <testcase name="responsePopUpLabelTest" time="0.0" classname="com.cavisson.ddr.testcases.NetstormEDPageTest">
    <ignored/>
  </testcase> <!-- responsePopUpLabelTest -->
  <testcase name="validateTierInfoTest" time="0.0" classname="com.cavisson.ddr.testcases.NetstormEDPageTest">
    <ignored/>
  </testcase> <!-- validateTierInfoTest -->
  <testcase name="overviewInTierInfoTest" time="0.0" classname="com.cavisson.ddr.testcases.NetstormEDPageTest">
    <ignored/>
  </testcase> <!-- overviewInTierInfoTest -->
  <testcase name="validateEDPageTest" time="0.0" classname="com.cavisson.ddr.testcases.NetstormEDPageTest">
    <ignored/>
  </testcase> <!-- validateEDPageTest -->
  <testcase name="tpsPopUpLabelTest" time="0.0" classname="com.cavisson.ddr.testcases.NetstormEDPageTest">
    <ignored/>
  </testcase> <!-- tpsPopUpLabelTest -->
  <testcase name="validateBtShowingInResponseTest" time="0.0" classname="com.cavisson.ddr.testcases.NetstormEDPageTest">
    <ignored/>
  </testcase> <!-- validateBtShowingInResponseTest -->
</testsuite> <!-- Smoke DDR Test -->
